<?xml version="1.0" encoding="UTF-8"?>
<testsuites>
  <testsuite name="D:\Apps\laragon\www\E2E-JTIintern-PMPL\phpunit.xml" tests="115" assertions="234" errors="0" failures="0" skipped="0" time="26.499273">
    <testsuite name="Api" tests="115" assertions="234" errors="0" failures="0" skipped="0" time="26.499273">
      <testsuite name="Tests\Api\Admin\AdminAuthorizationTest" file="D:\Apps\laragon\www\E2E-JTIintern-PMPL\tests\Api\Admin\AdminAuthorizationTest.php" tests="5" assertions="5" errors="0" failures="0" skipped="0" time="20.923861">
        <testcase name="test_api_admin_mahasiswa_unauthorized_no_token" file="D:\Apps\laragon\www\E2E-JTIintern-PMPL\tests\Api\Admin\AdminAuthorizationTest.php" line="16" class="Tests\Api\Admin\AdminAuthorizationTest" classname="Tests.Api.Admin.AdminAuthorizationTest" assertions="1" time="20.677018">
          <system-out>🗺️ Adding coordinate columns to m_wilayah...
✅ Coordinate columns added to m_wilayah

🏝️ Adding cities from Java Island (6 provinces)...
📍 Adding: Jakarta Pusat (DKI Jakarta)
📍 Adding: Jakarta Utara (DKI Jakarta)
📍 Adding: Jakarta Barat (DKI Jakarta)
📍 Adding: Jakarta Selatan (DKI Jakarta)
📍 Adding: Jakarta Timur (DKI Jakarta)
📍 Adding: Kepulauan Seribu (DKI Jakarta)
📍 Adding: Bandung (Jawa Barat)
📍 Adding: Bekasi (Jawa Barat)
📍 Adding: Bogor (Jawa Barat)
📍 Adding: Cirebon (Jawa Barat)
📍 Adding: Depok (Jawa Barat)
📍 Adding: Sukabumi (Jawa Barat)
📍 Adding: Tasikmalaya (Jawa Barat)
📍 Adding: Cimahi (Jawa Barat)
📍 Adding: Banjar (Jawa Barat)
📍 Adding: Bandung Barat (Jawa Barat)
📍 Adding: Bekasi (Jawa Barat)
📍 Adding: Bogor (Jawa Barat)
📍 Adding: Cianjur (Jawa Barat)
📍 Adding: Cirebon (Jawa Barat)
📍 Adding: Garut (Jawa Barat)
📍 Adding: Indramayu (Jawa Barat)
📍 Adding: Karawang (Jawa Barat)
📍 Adding: Kuningan (Jawa Barat)
📍 Adding: Majalengka (Jawa Barat)
📍 Adding: Pangandaran (Jawa Barat)
📍 Adding: Purwakarta (Jawa Barat)
📍 Adding: Subang (Jawa Barat)
📍 Adding: Sukabumi (Jawa Barat)
📍 Adding: Sumedang (Jawa Barat)
📍 Adding: Tasikmalaya (Jawa Barat)
📍 Adding: Tangerang (Banten)
📍 Adding: Tangerang Selatan (Banten)
📍 Adding: Serang (Banten)
📍 Adding: Cilegon (Banten)
📍 Adding: Tangerang (Banten)
📍 Adding: Serang (Banten)
📍 Adding: Lebak (Banten)
📍 Adding: Pandeglang (Banten)
📍 Adding: Semarang (Jawa Tengah)
📍 Adding: Surakarta (Jawa Tengah)
📍 Adding: Magelang (Jawa Tengah)
📍 Adding: Salatiga (Jawa Tengah)
📍 Adding: Pekalongan (Jawa Tengah)
📍 Adding: Tegal (Jawa Tengah)
📍 Adding: Semarang (Jawa Tengah)
📍 Adding: Klaten (Jawa Tengah)
📍 Adding: Kudus (Jawa Tengah)
📍 Adding: Jepara (Jawa Tengah)
📍 Adding: Demak (Jawa Tengah)
📍 Adding: Kendal (Jawa Tengah)
📍 Adding: Boyolali (Jawa Tengah)
📍 Adding: Karanganyar (Jawa Tengah)
📍 Adding: Wonogiri (Jawa Tengah)
📍 Adding: Sukoharjo (Jawa Tengah)
📍 Adding: Purworejo (Jawa Tengah)
📍 Adding: Kebumen (Jawa Tengah)
📍 Adding: Cilacap (Jawa Tengah)
📍 Adding: Banyumas (Jawa Tengah)
📍 Adding: Purbalingga (Jawa Tengah)
📍 Adding: Banjarnegara (Jawa Tengah)
📍 Adding: Wonosobo (Jawa Tengah)
📍 Adding: Magelang (Jawa Tengah)
📍 Adding: Temanggung (Jawa Tengah)
📍 Adding: Sragen (Jawa Tengah)
📍 Adding: Grobogan (Jawa Tengah)
📍 Adding: Blora (Jawa Tengah)
📍 Adding: Rembang (Jawa Tengah)
📍 Adding: Pati (Jawa Tengah)
📍 Adding: Brebes (Jawa Tengah)
📍 Adding: Tegal (Jawa Tengah)
📍 Adding: Pemalang (Jawa Tengah)
📍 Adding: Pekalongan (Jawa Tengah)
📍 Adding: Batang (Jawa Tengah)
📍 Adding: Yogyakarta (DI Yogyakarta)
📍 Adding: Bantul (DI Yogyakarta)
📍 Adding: Sleman (DI Yogyakarta)
📍 Adding: Kulonprogo (DI Yogyakarta)
📍 Adding: Gunungkidul (DI Yogyakarta)
📍 Adding: Surabaya (Jawa Timur)
📍 Adding: Malang (Jawa Timur)
📍 Adding: Kediri (Jawa Timur)
📍 Adding: Blitar (Jawa Timur)
📍 Adding: Madiun (Jawa Timur)
📍 Adding: Probolinggo (Jawa Timur)
📍 Adding: Pasuruan (Jawa Timur)
📍 Adding: Mojokerto (Jawa Timur)
📍 Adding: Batu (Jawa Timur)
📍 Adding: Bangkalan (Jawa Timur)
📍 Adding: Banyuwangi (Jawa Timur)
📍 Adding: Blitar (Jawa Timur)
📍 Adding: Bojonegoro (Jawa Timur)
📍 Adding: Bondowoso (Jawa Timur)
📍 Adding: Gresik (Jawa Timur)
📍 Adding: Jember (Jawa Timur)
📍 Adding: Jombang (Jawa Timur)
📍 Adding: Kediri (Jawa Timur)
📍 Adding: Lamongan (Jawa Timur)
📍 Adding: Lumajang (Jawa Timur)
📍 Adding: Madiun (Jawa Timur)
📍 Adding: Magetan (Jawa Timur)
📍 Adding: Malang (Jawa Timur)
📍 Adding: Mojokerto (Jawa Timur)
📍 Adding: Nganjuk (Jawa Timur)
📍 Adding: Ngawi (Jawa Timur)
📍 Adding: Pacitan (Jawa Timur)
📍 Adding: Pamekasan (Jawa Timur)
📍 Adding: Pasuruan (Jawa Timur)
📍 Adding: Ponorogo (Jawa Timur)
📍 Adding: Probolinggo (Jawa Timur)
📍 Adding: Sampang (Jawa Timur)
📍 Adding: Sidoarjo (Jawa Timur)
📍 Adding: Situbondo (Jawa Timur)
📍 Adding: Sumenep (Jawa Timur)
📍 Adding: Trenggalek (Jawa Timur)
📍 Adding: Tuban (Jawa Timur)
📍 Adding: Tulungagung (Jawa Timur)
✅ Successfully added 117 new cities from Java Island

📊 JAVA ISLAND CITIES SUMMARY:
=================================
Jawa Timur: 38 cities
Jawa Tengah: 35 cities
Jawa Barat: 25 cities
Banten: 8 cities
DKI Jakarta: 6 cities
DI Yogyakarta: 5 cities

Total Java cities added: 117
=================================


🔍 Mapping existing cities to Java Island coordinates...
✅ Successfully mapped 0 existing cities to Java coordinates
📊 Creating distance matrix table...
✅ Distance matrix table created
🧮 Generating distance matrix for Java Island cities...
📍 Found 117 Java cities with coordinates
📝 Inserted 100 distance records...
📝 Inserted 200 distance records...
📝 Inserted 300 distance records...
📝 Inserted 400 distance records...
📝 Inserted 500 distance records...
📝 Inserted 600 distance records...
📝 Inserted 700 distance records...
📝 Inserted 800 distance records...
📝 Inserted 900 distance records...
📝 Inserted 1000 distance records...
📝 Inserted 1100 distance records...
📝 Inserted 1200 distance records...
📝 Inserted 1300 distance records...
📝 Inserted 1400 distance records...
📝 Inserted 1500 distance records...
📝 Inserted 1600 distance records...
📝 Inserted 1700 distance records...
📝 Inserted 1800 distance records...
📝 Inserted 1900 distance records...
📝 Inserted 2000 distance records...
📝 Inserted 2100 distance records...
📝 Inserted 2200 distance records...
📝 Inserted 2300 distance records...
📝 Inserted 2400 distance records...
📝 Inserted 2500 distance records...
📝 Inserted 2600 distance records...
📝 Inserted 2700 distance records...
📝 Inserted 2800 distance records...
📝 Inserted 2900 distance records...
📝 Inserted 3000 distance records...
📝 Inserted 3100 distance records...
📝 Inserted 3200 distance records...
📝 Inserted 3300 distance records...
📝 Inserted 3400 distance records...
📝 Inserted 3500 distance records...
📝 Inserted 3600 distance records...
📝 Inserted 3700 distance records...
📝 Inserted 3800 distance records...
📝 Inserted 3900 distance records...
📝 Inserted 4000 distance records...
📝 Inserted 4100 distance records...
📝 Inserted 4200 distance records...
📝 Inserted 4300 distance records...
📝 Inserted 4400 distance records...
📝 Inserted 4500 distance records...
📝 Inserted 4600 distance records...
📝 Inserted 4700 distance records...
📝 Inserted 4800 distance records...
📝 Inserted 4900 distance records...
📝 Inserted 5000 distance records...
📝 Inserted 5100 distance records...
📝 Inserted 5200 distance records...
📝 Inserted 5300 distance records...
📝 Inserted 5400 distance records...
📝 Inserted 5500 distance records...
📝 Inserted 5600 distance records...
📝 Inserted 5700 distance records...
📝 Inserted 5800 distance records...
📝 Inserted 5900 distance records...
📝 Inserted 6000 distance records...
📝 Inserted 6100 distance records...
📝 Inserted 6200 distance records...
📝 Inserted 6300 distance records...
📝 Inserted 6400 distance records...
📝 Inserted 6500 distance records...
📝 Inserted 6600 distance records...
📝 Inserted 6700 distance records...
📝 Inserted 6800 distance records...
📝 Inserted 6900 distance records...
📝 Inserted 7000 distance records...
📝 Inserted 7100 distance records...
📝 Inserted 7200 distance records...
📝 Inserted 7300 distance records...
📝 Inserted 7400 distance records...
📝 Inserted 7500 distance records...
📝 Inserted 7600 distance records...
📝 Inserted 7700 distance records...
📝 Inserted 7800 distance records...
📝 Inserted 7900 distance records...
📝 Inserted 8000 distance records...
📝 Inserted 8100 distance records...
📝 Inserted 8200 distance records...
📝 Inserted 8300 distance records...
📝 Inserted 8400 distance records...
📝 Inserted 8500 distance records...
📝 Inserted 8600 distance records...
📝 Inserted 8700 distance records...
📝 Inserted 8800 distance records...
📝 Inserted 8900 distance records...
📝 Inserted 9000 distance records...
📝 Inserted 9100 distance records...
📝 Inserted 9200 distance records...
📝 Inserted 9300 distance records...
📝 Inserted 9400 distance records...
📝 Inserted 9500 distance records...
📝 Inserted 9600 distance records...
📝 Inserted 9700 distance records...
📝 Inserted 9800 distance records...
📝 Inserted 9900 distance records...
📝 Inserted 10000 distance records...
📝 Inserted 10100 distance records...
📝 Inserted 10200 distance records...
📝 Inserted 10300 distance records...
📝 Inserted 10400 distance records...
📝 Inserted 10500 distance records...
📝 Inserted 10600 distance records...
📝 Inserted 10700 distance records...
📝 Inserted 10800 distance records...
📝 Inserted 10900 distance records...
📝 Inserted 11000 distance records...
📝 Inserted 11100 distance records...
📝 Inserted 11200 distance records...
📝 Inserted 11300 distance records...
📝 Inserted 11400 distance records...
📝 Inserted 11500 distance records...
📝 Inserted 11600 distance records...
📝 Inserted 11700 distance records...
📝 Inserted 11800 distance records...
📝 Inserted 11900 distance records...
📝 Inserted 12000 distance records...
📝 Inserted 12100 distance records...
📝 Inserted 12200 distance records...
📝 Inserted 12300 distance records...
📝 Inserted 12400 distance records...
📝 Inserted 12500 distance records...
📝 Inserted 12600 distance records...
📝 Inserted 12700 distance records...
📝 Inserted 12800 distance records...
📝 Inserted 12900 distance records...
📝 Inserted 13000 distance records...
📝 Inserted 13100 distance records...
📝 Inserted 13200 distance records...
📝 Inserted 13300 distance records...
📝 Inserted 13400 distance records...
📝 Inserted 13500 distance records...
✅ Generated 13572 distance matrix entries for Java Island

📊 JAVA ISLAND DISTANCE MATRIX STATISTICS:
==========================================
Total distance entries: 13572
Sangat Dekat (≤30km): 290
Sedang (31-100km): 1970
Jauh (&gt;100km): 11312
Average distance: 306.37 km
Min distance: 4.45 km
Max distance: 953.66 km
==========================================

</system-out>
        </testcase>
        <testcase name="test_api_admin_mahasiswa_unauthorized_invalid_token" file="D:\Apps\laragon\www\E2E-JTIintern-PMPL\tests\Api\Admin\AdminAuthorizationTest.php" line="23" class="Tests\Api\Admin\AdminAuthorizationTest" classname="Tests.Api.Admin.AdminAuthorizationTest" assertions="1" time="0.079523"/>
        <testcase name="test_api_periode_unauthorized_no_token" file="D:\Apps\laragon\www\E2E-JTIintern-PMPL\tests\Api\Admin\AdminAuthorizationTest.php" line="32" class="Tests\Api\Admin\AdminAuthorizationTest" classname="Tests.Api.Admin.AdminAuthorizationTest" assertions="1" time="0.039595"/>
        <testcase name="test_api_periode_post_unauthorized" file="D:\Apps\laragon\www\E2E-JTIintern-PMPL\tests\Api\Admin\AdminAuthorizationTest.php" line="39" class="Tests\Api\Admin\AdminAuthorizationTest" classname="Tests.Api.Admin.AdminAuthorizationTest" assertions="1" time="0.032007"/>
        <testcase name="test_api_admin_endpoint_with_expired_token" file="D:\Apps\laragon\www\E2E-JTIintern-PMPL\tests\Api\Admin\AdminAuthorizationTest.php" line="50" class="Tests\Api\Admin\AdminAuthorizationTest" classname="Tests.Api.Admin.AdminAuthorizationTest" assertions="1" time="0.095717"/>
      </testsuite>
      <testsuite name="Tests\Api\Admin\AdminMahasiswaApiTest" file="D:\Apps\laragon\www\E2E-JTIintern-PMPL\tests\Api\Admin\AdminMahasiswaApiTest.php" tests="5" assertions="44" errors="0" failures="0" skipped="0" time="0.441786">
        <testcase name="test_api_get_all_mahasiswa" file="D:\Apps\laragon\www\E2E-JTIintern-PMPL\tests\Api\Admin\AdminMahasiswaApiTest.php" line="43" class="Tests\Api\Admin\AdminMahasiswaApiTest" classname="Tests.Api.Admin.AdminMahasiswaApiTest" assertions="30" time="0.123887"/>
        <testcase name="test_api_create_mahasiswa_berhasil" file="D:\Apps\laragon\www\E2E-JTIintern-PMPL\tests\Api\Admin\AdminMahasiswaApiTest.php" line="77" class="Tests\Api\Admin\AdminMahasiswaApiTest" classname="Tests.Api.Admin.AdminMahasiswaApiTest" assertions="4" time="0.094760"/>
        <testcase name="test_api_create_mahasiswa_nim_duplicate" file="D:\Apps\laragon\www\E2E-JTIintern-PMPL\tests\Api\Admin\AdminMahasiswaApiTest.php" line="116" class="Tests\Api\Admin\AdminMahasiswaApiTest" classname="Tests.Api.Admin.AdminMahasiswaApiTest" assertions="3" time="0.077201"/>
        <testcase name="test_api_search_mahasiswa" file="D:\Apps\laragon\www\E2E-JTIintern-PMPL\tests\Api\Admin\AdminMahasiswaApiTest.php" line="143" class="Tests\Api\Admin\AdminMahasiswaApiTest" classname="Tests.Api.Admin.AdminMahasiswaApiTest" assertions="3" time="0.079401"/>
        <testcase name="test_api_create_mahasiswa_missing_fields" file="D:\Apps\laragon\www\E2E-JTIintern-PMPL\tests\Api\Admin\AdminMahasiswaApiTest.php" line="174" class="Tests\Api\Admin\AdminMahasiswaApiTest" classname="Tests.Api.Admin.AdminMahasiswaApiTest" assertions="4" time="0.066537"/>
      </testsuite>
      <testsuite name="Tests\Api\Admin\AdminMahasiswaSearchTest" file="D:\Apps\laragon\www\E2E-JTIintern-PMPL\tests\Api\Admin\AdminMahasiswaSearchTest.php" tests="5" assertions="8" errors="0" failures="0" skipped="0" time="0.262593">
        <testcase name="test_api_search_mahasiswa_empty_query" file="D:\Apps\laragon\www\E2E-JTIintern-PMPL\tests\Api\Admin\AdminMahasiswaSearchTest.php" line="29" class="Tests\Api\Admin\AdminMahasiswaSearchTest" classname="Tests.Api.Admin.AdminMahasiswaSearchTest" assertions="1" time="0.048081"/>
        <testcase name="test_api_search_mahasiswa_special_characters" file="D:\Apps\laragon\www\E2E-JTIintern-PMPL\tests\Api\Admin\AdminMahasiswaSearchTest.php" line="38" class="Tests\Api\Admin\AdminMahasiswaSearchTest" classname="Tests.Api.Admin.AdminMahasiswaSearchTest" assertions="1" time="0.042612"/>
        <testcase name="test_api_search_mahasiswa_very_long_query" file="D:\Apps\laragon\www\E2E-JTIintern-PMPL\tests\Api\Admin\AdminMahasiswaSearchTest.php" line="47" class="Tests\Api\Admin\AdminMahasiswaSearchTest" classname="Tests.Api.Admin.AdminMahasiswaSearchTest" assertions="1" time="0.070833"/>
        <testcase name="test_api_filter_mahasiswa_invalid_kelas_id" file="D:\Apps\laragon\www\E2E-JTIintern-PMPL\tests\Api\Admin\AdminMahasiswaSearchTest.php" line="58" class="Tests\Api\Admin\AdminMahasiswaSearchTest" classname="Tests.Api.Admin.AdminMahasiswaSearchTest" assertions="2" time="0.042633"/>
        <testcase name="test_api_mahasiswa_list_pagination" file="D:\Apps\laragon\www\E2E-JTIintern-PMPL\tests\Api\Admin\AdminMahasiswaSearchTest.php" line="71" class="Tests\Api\Admin\AdminMahasiswaSearchTest" classname="Tests.Api.Admin.AdminMahasiswaSearchTest" assertions="3" time="0.058434"/>
      </testsuite>
      <testsuite name="Tests\Api\Admin\AdminMahasiswaValidationTest" file="D:\Apps\laragon\www\E2E-JTIintern-PMPL\tests\Api\Admin\AdminMahasiswaValidationTest.php" tests="5" assertions="13" errors="0" failures="0" skipped="0" time="0.308953">
        <testcase name="test_api_mahasiswa_validation_name_max_length" file="D:\Apps\laragon\www\E2E-JTIintern-PMPL\tests\Api\Admin\AdminMahasiswaValidationTest.php" line="28" class="Tests\Api\Admin\AdminMahasiswaValidationTest" classname="Tests.Api.Admin.AdminMahasiswaValidationTest" assertions="3" time="0.063978"/>
        <testcase name="test_api_mahasiswa_validation_email_format_invalid" file="D:\Apps\laragon\www\E2E-JTIintern-PMPL\tests\Api\Admin\AdminMahasiswaValidationTest.php" line="47" class="Tests\Api\Admin\AdminMahasiswaValidationTest" classname="Tests.Api.Admin.AdminMahasiswaValidationTest" assertions="3" time="0.071867"/>
        <testcase name="test_api_mahasiswa_validation_password_min_length" file="D:\Apps\laragon\www\E2E-JTIintern-PMPL\tests\Api\Admin\AdminMahasiswaValidationTest.php" line="66" class="Tests\Api\Admin\AdminMahasiswaValidationTest" classname="Tests.Api.Admin.AdminMahasiswaValidationTest" assertions="3" time="0.059223"/>
        <testcase name="test_api_mahasiswa_validation_id_kelas_invalid" file="D:\Apps\laragon\www\E2E-JTIintern-PMPL\tests\Api\Admin\AdminMahasiswaValidationTest.php" line="85" class="Tests\Api\Admin\AdminMahasiswaValidationTest" classname="Tests.Api.Admin.AdminMahasiswaValidationTest" assertions="3" time="0.050657"/>
        <testcase name="test_api_mahasiswa_validation_nim_format" file="D:\Apps\laragon\www\E2E-JTIintern-PMPL\tests\Api\Admin\AdminMahasiswaValidationTest.php" line="102" class="Tests\Api\Admin\AdminMahasiswaValidationTest" classname="Tests.Api.Admin.AdminMahasiswaValidationTest" assertions="1" time="0.063227"/>
      </testsuite>
      <testsuite name="Tests\Api\Admin\AdminPeriodeApiTest" file="D:\Apps\laragon\www\E2E-JTIintern-PMPL\tests\Api\Admin\AdminPeriodeApiTest.php" tests="5" assertions="31" errors="0" failures="0" skipped="0" time="0.284658">
        <testcase name="test_api_get_periode_list" file="D:\Apps\laragon\www\E2E-JTIintern-PMPL\tests\Api\Admin\AdminPeriodeApiTest.php" line="37" class="Tests\Api\Admin\AdminPeriodeApiTest" classname="Tests.Api.Admin.AdminPeriodeApiTest" assertions="21" time="0.055960"/>
        <testcase name="test_api_create_periode_berhasil" file="D:\Apps\laragon\www\E2E-JTIintern-PMPL\tests\Api\Admin\AdminPeriodeApiTest.php" line="68" class="Tests\Api\Admin\AdminPeriodeApiTest" classname="Tests.Api.Admin.AdminPeriodeApiTest" assertions="3" time="0.069925"/>
        <testcase name="test_api_create_periode_validation_error" file="D:\Apps\laragon\www\E2E-JTIintern-PMPL\tests\Api\Admin\AdminPeriodeApiTest.php" line="95" class="Tests\Api\Admin\AdminPeriodeApiTest" classname="Tests.Api.Admin.AdminPeriodeApiTest" assertions="4" time="0.053060"/>
        <testcase name="test_api_get_periode_by_id" file="D:\Apps\laragon\www\E2E-JTIintern-PMPL\tests\Api\Admin\AdminPeriodeApiTest.php" line="113" class="Tests\Api\Admin\AdminPeriodeApiTest" classname="Tests.Api.Admin.AdminPeriodeApiTest" assertions="2" time="0.062881"/>
        <testcase name="test_api_get_periode_not_found" file="D:\Apps\laragon\www\E2E-JTIintern-PMPL\tests\Api\Admin\AdminPeriodeApiTest.php" line="141" class="Tests\Api\Admin\AdminPeriodeApiTest" classname="Tests.Api.Admin.AdminPeriodeApiTest" assertions="1" time="0.042833"/>
      </testsuite>
      <testsuite name="Tests\Api\Admin\AdminPeriodeValidationTest" file="D:\Apps\laragon\www\E2E-JTIintern-PMPL\tests\Api\Admin\AdminPeriodeValidationTest.php" tests="5" assertions="15" errors="0" failures="0" skipped="0" time="0.247232">
        <testcase name="test_api_periode_validation_waktu_required" file="D:\Apps\laragon\www\E2E-JTIintern-PMPL\tests\Api\Admin\AdminPeriodeValidationTest.php" line="27" class="Tests\Api\Admin\AdminPeriodeValidationTest" classname="Tests.Api.Admin.AdminPeriodeValidationTest" assertions="3" time="0.055196"/>
        <testcase name="test_api_periode_validation_tgl_mulai_date_format" file="D:\Apps\laragon\www\E2E-JTIintern-PMPL\tests\Api\Admin\AdminPeriodeValidationTest.php" line="40" class="Tests\Api\Admin\AdminPeriodeValidationTest" classname="Tests.Api.Admin.AdminPeriodeValidationTest" assertions="3" time="0.051259"/>
        <testcase name="test_api_periode_validation_tgl_selesai_after_tgl_mulai" file="D:\Apps\laragon\www\E2E-JTIintern-PMPL\tests\Api\Admin\AdminPeriodeValidationTest.php" line="54" class="Tests\Api\Admin\AdminPeriodeValidationTest" classname="Tests.Api.Admin.AdminPeriodeValidationTest" assertions="3" time="0.041112"/>
        <testcase name="test_api_periode_validation_all_fields_empty" file="D:\Apps\laragon\www\E2E-JTIintern-PMPL\tests\Api\Admin\AdminPeriodeValidationTest.php" line="68" class="Tests\Api\Admin\AdminPeriodeValidationTest" classname="Tests.Api.Admin.AdminPeriodeValidationTest" assertions="5" time="0.043064"/>
        <testcase name="test_api_periode_get_nonexistent_id" file="D:\Apps\laragon\www\E2E-JTIintern-PMPL\tests\Api\Admin\AdminPeriodeValidationTest.php" line="78" class="Tests\Api\Admin\AdminPeriodeValidationTest" classname="Tests.Api.Admin.AdminPeriodeValidationTest" assertions="1" time="0.056600"/>
      </testsuite>
      <testsuite name="Tests\Api\Auth\AuthValidationTest" file="D:\Apps\laragon\www\E2E-JTIintern-PMPL\tests\Api\Auth\AuthValidationTest.php" tests="5" assertions="10" errors="0" failures="0" skipped="0" time="0.423683">
        <testcase name="test_api_login_validation_email_format" file="D:\Apps\laragon\www\E2E-JTIintern-PMPL\tests\Api\Auth\AuthValidationTest.php" line="16" class="Tests\Api\Auth\AuthValidationTest" classname="Tests.Api.Auth.AuthValidationTest" assertions="1" time="0.042872"/>
        <testcase name="test_api_login_validation_email_required" file="D:\Apps\laragon\www\E2E-JTIintern-PMPL\tests\Api\Auth\AuthValidationTest.php" line="26" class="Tests\Api\Auth\AuthValidationTest" classname="Tests.Api.Auth.AuthValidationTest" assertions="3" time="0.030236"/>
        <testcase name="test_api_login_validation_password_required" file="D:\Apps\laragon\www\E2E-JTIintern-PMPL\tests\Api\Auth\AuthValidationTest.php" line="36" class="Tests\Api\Auth\AuthValidationTest" classname="Tests.Api.Auth.AuthValidationTest" assertions="3" time="0.045709"/>
        <testcase name="test_api_login_with_non_existent_user" file="D:\Apps\laragon\www\E2E-JTIintern-PMPL\tests\Api\Auth\AuthValidationTest.php" line="46" class="Tests\Api\Auth\AuthValidationTest" classname="Tests.Api.Auth.AuthValidationTest" assertions="2" time="0.257335"/>
        <testcase name="test_api_get_user_without_authentication" file="D:\Apps\laragon\www\E2E-JTIintern-PMPL\tests\Api\Auth\AuthValidationTest.php" line="59" class="Tests\Api\Auth\AuthValidationTest" classname="Tests.Api.Auth.AuthValidationTest" assertions="1" time="0.047532"/>
      </testsuite>
      <testsuite name="Tests\Api\Auth\LoginApiTest" file="D:\Apps\laragon\www\E2E-JTIintern-PMPL\tests\Api\Auth\LoginApiTest.php" tests="10" assertions="38" errors="0" failures="0" skipped="0" time="0.661713">
        <testcase name="test_api_login_admin_berhasil" file="D:\Apps\laragon\www\E2E-JTIintern-PMPL\tests\Api\Auth\LoginApiTest.php" line="27" class="Tests\Api\Auth\LoginApiTest" classname="Tests.Api.Auth.LoginApiTest" assertions="9" time="0.050161"/>
        <testcase name="test_api_login_credentials_salah" file="D:\Apps\laragon\www\E2E-JTIintern-PMPL\tests\Api\Auth\LoginApiTest.php" line="65" class="Tests\Api\Auth\LoginApiTest" classname="Tests.Api.Auth.LoginApiTest" assertions="2" time="0.249188"/>
        <testcase name="test_api_login_mahasiswa_berhasil" file="D:\Apps\laragon\www\E2E-JTIintern-PMPL\tests\Api\Auth\LoginApiTest.php" line="90" class="Tests\Api\Auth\LoginApiTest" classname="Tests.Api.Auth.LoginApiTest" assertions="7" time="0.056342"/>
        <testcase name="test_api_login_tanpa_username" file="D:\Apps\laragon\www\E2E-JTIintern-PMPL\tests\Api\Auth\LoginApiTest.php" line="130" class="Tests\Api\Auth\LoginApiTest" classname="Tests.Api.Auth.LoginApiTest" assertions="3" time="0.041348"/>
        <testcase name="test_api_login_tanpa_password" file="D:\Apps\laragon\www\E2E-JTIintern-PMPL\tests\Api\Auth\LoginApiTest.php" line="145" class="Tests\Api\Auth\LoginApiTest" classname="Tests.Api.Auth.LoginApiTest" assertions="3" time="0.040929"/>
        <testcase name="test_api_logout_berhasil" file="D:\Apps\laragon\www\E2E-JTIintern-PMPL\tests\Api\Auth\LoginApiTest.php" line="160" class="Tests\Api\Auth\LoginApiTest" classname="Tests.Api.Auth.LoginApiTest" assertions="3" time="0.052338"/>
        <testcase name="test_api_get_authenticated_user" file="D:\Apps\laragon\www\E2E-JTIintern-PMPL\tests\Api\Auth\LoginApiTest.php" line="189" class="Tests\Api\Auth\LoginApiTest" classname="Tests.Api.Auth.LoginApiTest" assertions="5" time="0.038617"/>
        <testcase name="test_api_get_user_tanpa_token" file="D:\Apps\laragon\www\E2E-JTIintern-PMPL\tests\Api\Auth\LoginApiTest.php" line="218" class="Tests\Api\Auth\LoginApiTest" classname="Tests.Api.Auth.LoginApiTest" assertions="2" time="0.033564"/>
        <testcase name="test_api_login_dosen_berhasil" file="D:\Apps\laragon\www\E2E-JTIintern-PMPL\tests\Api\Auth\LoginApiTest.php" line="233" class="Tests\Api\Auth\LoginApiTest" classname="Tests.Api.Auth.LoginApiTest" assertions="2" time="0.053777"/>
        <testcase name="test_api_logout_tanpa_token" file="D:\Apps\laragon\www\E2E-JTIintern-PMPL\tests\Api\Auth\LoginApiTest.php" line="264" class="Tests\Api\Auth\LoginApiTest" classname="Tests.Api.Auth.LoginApiTest" assertions="2" time="0.045448"/>
      </testsuite>
      <testsuite name="Tests\Api\Auth\LoginEdgeCaseTest" file="D:\Apps\laragon\www\E2E-JTIintern-PMPL\tests\Api\Auth\LoginEdgeCaseTest.php" tests="5" assertions="5" errors="0" failures="0" skipped="0" time="0.198154">
        <testcase name="test_api_login_username_null" file="D:\Apps\laragon\www\E2E-JTIintern-PMPL\tests\Api\Auth\LoginEdgeCaseTest.php" line="12" class="Tests\Api\Auth\LoginEdgeCaseTest" classname="Tests.Api.Auth.LoginEdgeCaseTest" assertions="1" time="0.031223"/>
        <testcase name="test_api_login_password_null" file="D:\Apps\laragon\www\E2E-JTIintern-PMPL\tests\Api\Auth\LoginEdgeCaseTest.php" line="22" class="Tests\Api\Auth\LoginEdgeCaseTest" classname="Tests.Api.Auth.LoginEdgeCaseTest" assertions="1" time="0.032125"/>
        <testcase name="test_api_login_both_fields_null" file="D:\Apps\laragon\www\E2E-JTIintern-PMPL\tests\Api\Auth\LoginEdgeCaseTest.php" line="32" class="Tests\Api\Auth\LoginEdgeCaseTest" classname="Tests.Api.Auth.LoginEdgeCaseTest" assertions="1" time="0.054783"/>
        <testcase name="test_api_login_empty_json_body" file="D:\Apps\laragon\www\E2E-JTIintern-PMPL\tests\Api\Auth\LoginEdgeCaseTest.php" line="42" class="Tests\Api\Auth\LoginEdgeCaseTest" classname="Tests.Api.Auth.LoginEdgeCaseTest" assertions="1" time="0.039443"/>
        <testcase name="test_api_login_extra_fields_ignored" file="D:\Apps\laragon\www\E2E-JTIintern-PMPL\tests\Api\Auth\LoginEdgeCaseTest.php" line="49" class="Tests\Api\Auth\LoginEdgeCaseTest" classname="Tests.Api.Auth.LoginEdgeCaseTest" assertions="1" time="0.040580"/>
      </testsuite>
      <testsuite name="Tests\Api\Auth\TokenManagementTest" file="D:\Apps\laragon\www\E2E-JTIintern-PMPL\tests\Api\Auth\TokenManagementTest.php" tests="5" assertions="5" errors="0" failures="0" skipped="0" time="0.205921">
        <testcase name="test_api_access_without_token" file="D:\Apps\laragon\www\E2E-JTIintern-PMPL\tests\Api\Auth\TokenManagementTest.php" line="13" class="Tests\Api\Auth\TokenManagementTest" classname="Tests.Api.Auth.TokenManagementTest" assertions="1" time="0.039822"/>
        <testcase name="test_api_access_with_empty_token" file="D:\Apps\laragon\www\E2E-JTIintern-PMPL\tests\Api\Auth\TokenManagementTest.php" line="20" class="Tests\Api\Auth\TokenManagementTest" classname="Tests.Api.Auth.TokenManagementTest" assertions="1" time="0.041898"/>
        <testcase name="test_api_access_with_malformed_token" file="D:\Apps\laragon\www\E2E-JTIintern-PMPL\tests\Api\Auth\TokenManagementTest.php" line="28" class="Tests\Api\Auth\TokenManagementTest" classname="Tests.Api.Auth.TokenManagementTest" assertions="1" time="0.033403"/>
        <testcase name="test_api_logout_without_token" file="D:\Apps\laragon\www\E2E-JTIintern-PMPL\tests\Api\Auth\TokenManagementTest.php" line="36" class="Tests\Api\Auth\TokenManagementTest" classname="Tests.Api.Auth.TokenManagementTest" assertions="1" time="0.052096"/>
        <testcase name="test_api_get_user_without_token" file="D:\Apps\laragon\www\E2E-JTIintern-PMPL\tests\Api\Auth\TokenManagementTest.php" line="43" class="Tests\Api\Auth\TokenManagementTest" classname="Tests.Api.Auth.TokenManagementTest" assertions="1" time="0.038702"/>
      </testsuite>
      <testsuite name="Tests\Api\Validation\ArrayValidationTest" file="D:\Apps\laragon\www\E2E-JTIintern-PMPL\tests\Api\Validation\ArrayValidationTest.php" tests="10" assertions="10" errors="0" failures="0" skipped="0" time="0.438894">
        <testcase name="test_api_login_username_array" file="D:\Apps\laragon\www\E2E-JTIintern-PMPL\tests\Api\Validation\ArrayValidationTest.php" line="12" class="Tests\Api\Validation\ArrayValidationTest" classname="Tests.Api.Validation.ArrayValidationTest" assertions="1" time="0.041752"/>
        <testcase name="test_api_login_password_array" file="D:\Apps\laragon\www\E2E-JTIintern-PMPL\tests\Api\Validation\ArrayValidationTest.php" line="22" class="Tests\Api\Validation\ArrayValidationTest" classname="Tests.Api.Validation.ArrayValidationTest" assertions="1" time="0.029859"/>
        <testcase name="test_api_login_both_fields_arrays" file="D:\Apps\laragon\www\E2E-JTIintern-PMPL\tests\Api\Validation\ArrayValidationTest.php" line="32" class="Tests\Api\Validation\ArrayValidationTest" classname="Tests.Api.Validation.ArrayValidationTest" assertions="1" time="0.041533"/>
        <testcase name="test_api_login_username_empty_array" file="D:\Apps\laragon\www\E2E-JTIintern-PMPL\tests\Api\Validation\ArrayValidationTest.php" line="42" class="Tests\Api\Validation\ArrayValidationTest" classname="Tests.Api.Validation.ArrayValidationTest" assertions="1" time="0.040214"/>
        <testcase name="test_api_login_password_empty_array" file="D:\Apps\laragon\www\E2E-JTIintern-PMPL\tests\Api\Validation\ArrayValidationTest.php" line="52" class="Tests\Api\Validation\ArrayValidationTest" classname="Tests.Api.Validation.ArrayValidationTest" assertions="1" time="0.051148"/>
        <testcase name="test_api_login_username_nested_array" file="D:\Apps\laragon\www\E2E-JTIintern-PMPL\tests\Api\Validation\ArrayValidationTest.php" line="62" class="Tests\Api\Validation\ArrayValidationTest" classname="Tests.Api.Validation.ArrayValidationTest" assertions="1" time="0.035005"/>
        <testcase name="test_api_login_username_associative_array" file="D:\Apps\laragon\www\E2E-JTIintern-PMPL\tests\Api\Validation\ArrayValidationTest.php" line="72" class="Tests\Api\Validation\ArrayValidationTest" classname="Tests.Api.Validation.ArrayValidationTest" assertions="1" time="0.056242"/>
        <testcase name="test_api_login_password_associative_array" file="D:\Apps\laragon\www\E2E-JTIintern-PMPL\tests\Api\Validation\ArrayValidationTest.php" line="82" class="Tests\Api\Validation\ArrayValidationTest" classname="Tests.Api.Validation.ArrayValidationTest" assertions="1" time="0.037168"/>
        <testcase name="test_api_login_username_mixed_array" file="D:\Apps\laragon\www\E2E-JTIintern-PMPL\tests\Api\Validation\ArrayValidationTest.php" line="92" class="Tests\Api\Validation\ArrayValidationTest" classname="Tests.Api.Validation.ArrayValidationTest" assertions="1" time="0.060632"/>
        <testcase name="test_api_login_entire_payload_nested" file="D:\Apps\laragon\www\E2E-JTIintern-PMPL\tests\Api\Validation\ArrayValidationTest.php" line="102" class="Tests\Api\Validation\ArrayValidationTest" classname="Tests.Api.Validation.ArrayValidationTest" assertions="1" time="0.045342"/>
      </testsuite>
      <testsuite name="Tests\Api\Validation\BooleanValidationTest" file="D:\Apps\laragon\www\E2E-JTIintern-PMPL\tests\Api\Validation\BooleanValidationTest.php" tests="10" assertions="10" errors="0" failures="0" skipped="0" time="0.456506">
        <testcase name="test_api_login_username_boolean_true" file="D:\Apps\laragon\www\E2E-JTIintern-PMPL\tests\Api\Validation\BooleanValidationTest.php" line="12" class="Tests\Api\Validation\BooleanValidationTest" classname="Tests.Api.Validation.BooleanValidationTest" assertions="1" time="0.050676"/>
        <testcase name="test_api_login_username_boolean_false" file="D:\Apps\laragon\www\E2E-JTIintern-PMPL\tests\Api\Validation\BooleanValidationTest.php" line="22" class="Tests\Api\Validation\BooleanValidationTest" classname="Tests.Api.Validation.BooleanValidationTest" assertions="1" time="0.041749"/>
        <testcase name="test_api_login_password_boolean_true" file="D:\Apps\laragon\www\E2E-JTIintern-PMPL\tests\Api\Validation\BooleanValidationTest.php" line="32" class="Tests\Api\Validation\BooleanValidationTest" classname="Tests.Api.Validation.BooleanValidationTest" assertions="1" time="0.055080"/>
        <testcase name="test_api_login_password_boolean_false" file="D:\Apps\laragon\www\E2E-JTIintern-PMPL\tests\Api\Validation\BooleanValidationTest.php" line="42" class="Tests\Api\Validation\BooleanValidationTest" classname="Tests.Api.Validation.BooleanValidationTest" assertions="1" time="0.049511"/>
        <testcase name="test_api_login_both_fields_boolean_true" file="D:\Apps\laragon\www\E2E-JTIintern-PMPL\tests\Api\Validation\BooleanValidationTest.php" line="52" class="Tests\Api\Validation\BooleanValidationTest" classname="Tests.Api.Validation.BooleanValidationTest" assertions="1" time="0.043345"/>
        <testcase name="test_api_login_both_fields_boolean_false" file="D:\Apps\laragon\www\E2E-JTIintern-PMPL\tests\Api\Validation\BooleanValidationTest.php" line="62" class="Tests\Api\Validation\BooleanValidationTest" classname="Tests.Api.Validation.BooleanValidationTest" assertions="1" time="0.045944"/>
        <testcase name="test_api_login_username_string_true" file="D:\Apps\laragon\www\E2E-JTIintern-PMPL\tests\Api\Validation\BooleanValidationTest.php" line="72" class="Tests\Api\Validation\BooleanValidationTest" classname="Tests.Api.Validation.BooleanValidationTest" assertions="1" time="0.046349"/>
        <testcase name="test_api_login_username_string_false" file="D:\Apps\laragon\www\E2E-JTIintern-PMPL\tests\Api\Validation\BooleanValidationTest.php" line="82" class="Tests\Api\Validation\BooleanValidationTest" classname="Tests.Api.Validation.BooleanValidationTest" assertions="1" time="0.030031"/>
        <testcase name="test_api_login_password_string_yes" file="D:\Apps\laragon\www\E2E-JTIintern-PMPL\tests\Api\Validation\BooleanValidationTest.php" line="92" class="Tests\Api\Validation\BooleanValidationTest" classname="Tests.Api.Validation.BooleanValidationTest" assertions="1" time="0.047740"/>
        <testcase name="test_api_login_password_string_no" file="D:\Apps\laragon\www\E2E-JTIintern-PMPL\tests\Api\Validation\BooleanValidationTest.php" line="102" class="Tests\Api\Validation\BooleanValidationTest" classname="Tests.Api.Validation.BooleanValidationTest" assertions="1" time="0.046082"/>
      </testsuite>
      <testsuite name="Tests\Api\Validation\EdgeCaseTest" file="D:\Apps\laragon\www\E2E-JTIintern-PMPL\tests\Api\Validation\EdgeCaseTest.php" tests="10" assertions="10" errors="0" failures="0" skipped="0" time="0.423596">
        <testcase name="test_api_login_request_without_content_type" file="D:\Apps\laragon\www\E2E-JTIintern-PMPL\tests\Api\Validation\EdgeCaseTest.php" line="12" class="Tests\Api\Validation\EdgeCaseTest" classname="Tests.Api.Validation.EdgeCaseTest" assertions="1" time="0.052548"/>
        <testcase name="test_api_login_username_with_leading_spaces" file="D:\Apps\laragon\www\E2E-JTIintern-PMPL\tests\Api\Validation\EdgeCaseTest.php" line="22" class="Tests\Api\Validation\EdgeCaseTest" classname="Tests.Api.Validation.EdgeCaseTest" assertions="1" time="0.029795"/>
        <testcase name="test_api_login_username_with_trailing_spaces" file="D:\Apps\laragon\www\E2E-JTIintern-PMPL\tests\Api\Validation\EdgeCaseTest.php" line="32" class="Tests\Api\Validation\EdgeCaseTest" classname="Tests.Api.Validation.EdgeCaseTest" assertions="1" time="0.066709"/>
        <testcase name="test_api_login_password_with_leading_spaces" file="D:\Apps\laragon\www\E2E-JTIintern-PMPL\tests\Api\Validation\EdgeCaseTest.php" line="42" class="Tests\Api\Validation\EdgeCaseTest" classname="Tests.Api.Validation.EdgeCaseTest" assertions="1" time="0.034592"/>
        <testcase name="test_api_login_password_with_trailing_spaces" file="D:\Apps\laragon\www\E2E-JTIintern-PMPL\tests\Api\Validation\EdgeCaseTest.php" line="52" class="Tests\Api\Validation\EdgeCaseTest" classname="Tests.Api.Validation.EdgeCaseTest" assertions="1" time="0.039003"/>
        <testcase name="test_api_login_case_sensitive_username" file="D:\Apps\laragon\www\E2E-JTIintern-PMPL\tests\Api\Validation\EdgeCaseTest.php" line="62" class="Tests\Api\Validation\EdgeCaseTest" classname="Tests.Api.Validation.EdgeCaseTest" assertions="1" time="0.029390"/>
        <testcase name="test_api_login_username_minimum_one_char" file="D:\Apps\laragon\www\E2E-JTIintern-PMPL\tests\Api\Validation\EdgeCaseTest.php" line="72" class="Tests\Api\Validation\EdgeCaseTest" classname="Tests.Api.Validation.EdgeCaseTest" assertions="1" time="0.050082"/>
        <testcase name="test_api_login_password_minimum_one_char" file="D:\Apps\laragon\www\E2E-JTIintern-PMPL\tests\Api\Validation\EdgeCaseTest.php" line="82" class="Tests\Api\Validation\EdgeCaseTest" classname="Tests.Api.Validation.EdgeCaseTest" assertions="1" time="0.047534"/>
        <testcase name="test_api_login_username_with_underscore" file="D:\Apps\laragon\www\E2E-JTIintern-PMPL\tests\Api\Validation\EdgeCaseTest.php" line="92" class="Tests\Api\Validation\EdgeCaseTest" classname="Tests.Api.Validation.EdgeCaseTest" assertions="1" time="0.045699"/>
        <testcase name="test_api_login_username_with_hyphen" file="D:\Apps\laragon\www\E2E-JTIintern-PMPL\tests\Api\Validation\EdgeCaseTest.php" line="102" class="Tests\Api\Validation\EdgeCaseTest" classname="Tests.Api.Validation.EdgeCaseTest" assertions="1" time="0.028243"/>
      </testsuite>
      <testsuite name="Tests\Api\Validation\NumericValidationTest" file="D:\Apps\laragon\www\E2E-JTIintern-PMPL\tests\Api\Validation\NumericValidationTest.php" tests="10" assertions="10" errors="0" failures="0" skipped="0" time="0.428609">
        <testcase name="test_api_login_username_numeric" file="D:\Apps\laragon\www\E2E-JTIintern-PMPL\tests\Api\Validation\NumericValidationTest.php" line="12" class="Tests\Api\Validation\NumericValidationTest" classname="Tests.Api.Validation.NumericValidationTest" assertions="1" time="0.043054"/>
        <testcase name="test_api_login_password_numeric" file="D:\Apps\laragon\www\E2E-JTIintern-PMPL\tests\Api\Validation\NumericValidationTest.php" line="22" class="Tests\Api\Validation\NumericValidationTest" classname="Tests.Api.Validation.NumericValidationTest" assertions="1" time="0.046509"/>
        <testcase name="test_api_login_username_zero" file="D:\Apps\laragon\www\E2E-JTIintern-PMPL\tests\Api\Validation\NumericValidationTest.php" line="32" class="Tests\Api\Validation\NumericValidationTest" classname="Tests.Api.Validation.NumericValidationTest" assertions="1" time="0.049283"/>
        <testcase name="test_api_login_password_zero" file="D:\Apps\laragon\www\E2E-JTIintern-PMPL\tests\Api\Validation\NumericValidationTest.php" line="42" class="Tests\Api\Validation\NumericValidationTest" classname="Tests.Api.Validation.NumericValidationTest" assertions="1" time="0.037242"/>
        <testcase name="test_api_login_username_negative_number" file="D:\Apps\laragon\www\E2E-JTIintern-PMPL\tests\Api\Validation\NumericValidationTest.php" line="52" class="Tests\Api\Validation\NumericValidationTest" classname="Tests.Api.Validation.NumericValidationTest" assertions="1" time="0.053923"/>
        <testcase name="test_api_login_username_float" file="D:\Apps\laragon\www\E2E-JTIintern-PMPL\tests\Api\Validation\NumericValidationTest.php" line="62" class="Tests\Api\Validation\NumericValidationTest" classname="Tests.Api.Validation.NumericValidationTest" assertions="1" time="0.042368"/>
        <testcase name="test_api_login_password_float" file="D:\Apps\laragon\www\E2E-JTIintern-PMPL\tests\Api\Validation\NumericValidationTest.php" line="72" class="Tests\Api\Validation\NumericValidationTest" classname="Tests.Api.Validation.NumericValidationTest" assertions="1" time="0.050864"/>
        <testcase name="test_api_login_username_scientific_notation" file="D:\Apps\laragon\www\E2E-JTIintern-PMPL\tests\Api\Validation\NumericValidationTest.php" line="82" class="Tests\Api\Validation\NumericValidationTest" classname="Tests.Api.Validation.NumericValidationTest" assertions="1" time="0.033644"/>
        <testcase name="test_api_login_password_large_number" file="D:\Apps\laragon\www\E2E-JTIintern-PMPL\tests\Api\Validation\NumericValidationTest.php" line="92" class="Tests\Api\Validation\NumericValidationTest" classname="Tests.Api.Validation.NumericValidationTest" assertions="1" time="0.029434"/>
        <testcase name="test_api_login_both_fields_numbers" file="D:\Apps\laragon\www\E2E-JTIintern-PMPL\tests\Api\Validation\NumericValidationTest.php" line="102" class="Tests\Api\Validation\NumericValidationTest" classname="Tests.Api.Validation.NumericValidationTest" assertions="1" time="0.042288"/>
      </testsuite>
      <testsuite name="Tests\Api\Validation\SpecialCharacterTest" file="D:\Apps\laragon\www\E2E-JTIintern-PMPL\tests\Api\Validation\SpecialCharacterTest.php" tests="10" assertions="10" errors="0" failures="0" skipped="0" time="0.383916">
        <testcase name="test_api_login_username_with_quotes" file="D:\Apps\laragon\www\E2E-JTIintern-PMPL\tests\Api\Validation\SpecialCharacterTest.php" line="12" class="Tests\Api\Validation\SpecialCharacterTest" classname="Tests.Api.Validation.SpecialCharacterTest" assertions="1" time="0.029633"/>
        <testcase name="test_api_login_username_with_single_quotes" file="D:\Apps\laragon\www\E2E-JTIintern-PMPL\tests\Api\Validation\SpecialCharacterTest.php" line="22" class="Tests\Api\Validation\SpecialCharacterTest" classname="Tests.Api.Validation.SpecialCharacterTest" assertions="1" time="0.028519"/>
        <testcase name="test_api_login_username_with_backslash" file="D:\Apps\laragon\www\E2E-JTIintern-PMPL\tests\Api\Validation\SpecialCharacterTest.php" line="32" class="Tests\Api\Validation\SpecialCharacterTest" classname="Tests.Api.Validation.SpecialCharacterTest" assertions="1" time="0.028604"/>
        <testcase name="test_api_login_username_with_percent" file="D:\Apps\laragon\www\E2E-JTIintern-PMPL\tests\Api\Validation\SpecialCharacterTest.php" line="42" class="Tests\Api\Validation\SpecialCharacterTest" classname="Tests.Api.Validation.SpecialCharacterTest" assertions="1" time="0.048229"/>
        <testcase name="test_api_login_username_with_ampersand" file="D:\Apps\laragon\www\E2E-JTIintern-PMPL\tests\Api\Validation\SpecialCharacterTest.php" line="52" class="Tests\Api\Validation\SpecialCharacterTest" classname="Tests.Api.Validation.SpecialCharacterTest" assertions="1" time="0.047708"/>
        <testcase name="test_api_login_password_with_equals" file="D:\Apps\laragon\www\E2E-JTIintern-PMPL\tests\Api\Validation\SpecialCharacterTest.php" line="62" class="Tests\Api\Validation\SpecialCharacterTest" classname="Tests.Api.Validation.SpecialCharacterTest" assertions="1" time="0.027945"/>
        <testcase name="test_api_login_password_with_plus" file="D:\Apps\laragon\www\E2E-JTIintern-PMPL\tests\Api\Validation\SpecialCharacterTest.php" line="72" class="Tests\Api\Validation\SpecialCharacterTest" classname="Tests.Api.Validation.SpecialCharacterTest" assertions="1" time="0.048467"/>
        <testcase name="test_api_login_password_with_asterisk" file="D:\Apps\laragon\www\E2E-JTIintern-PMPL\tests\Api\Validation\SpecialCharacterTest.php" line="82" class="Tests\Api\Validation\SpecialCharacterTest" classname="Tests.Api.Validation.SpecialCharacterTest" assertions="1" time="0.044950"/>
        <testcase name="test_api_login_username_with_dollar" file="D:\Apps\laragon\www\E2E-JTIintern-PMPL\tests\Api\Validation\SpecialCharacterTest.php" line="92" class="Tests\Api\Validation\SpecialCharacterTest" classname="Tests.Api.Validation.SpecialCharacterTest" assertions="1" time="0.028883"/>
        <testcase name="test_api_login_username_with_exclamation" file="D:\Apps\laragon\www\E2E-JTIintern-PMPL\tests\Api\Validation\SpecialCharacterTest.php" line="102" class="Tests\Api\Validation\SpecialCharacterTest" classname="Tests.Api.Validation.SpecialCharacterTest" assertions="1" time="0.050976"/>
      </testsuite>
      <testsuite name="Tests\Api\Validation\StringValidationTest" file="D:\Apps\laragon\www\E2E-JTIintern-PMPL\tests\Api\Validation\StringValidationTest.php" tests="10" assertions="10" errors="0" failures="0" skipped="0" time="0.409198">
        <testcase name="test_api_login_username_only_spaces" file="D:\Apps\laragon\www\E2E-JTIintern-PMPL\tests\Api\Validation\StringValidationTest.php" line="12" class="Tests\Api\Validation\StringValidationTest" classname="Tests.Api.Validation.StringValidationTest" assertions="1" time="0.032826"/>
        <testcase name="test_api_login_username_very_long" file="D:\Apps\laragon\www\E2E-JTIintern-PMPL\tests\Api\Validation\StringValidationTest.php" line="22" class="Tests\Api\Validation\StringValidationTest" classname="Tests.Api.Validation.StringValidationTest" assertions="1" time="0.041084"/>
        <testcase name="test_api_login_password_only_spaces" file="D:\Apps\laragon\www\E2E-JTIintern-PMPL\tests\Api\Validation\StringValidationTest.php" line="32" class="Tests\Api\Validation\StringValidationTest" classname="Tests.Api.Validation.StringValidationTest" assertions="1" time="0.047007"/>
        <testcase name="test_api_login_username_with_newlines" file="D:\Apps\laragon\www\E2E-JTIintern-PMPL\tests\Api\Validation\StringValidationTest.php" line="42" class="Tests\Api\Validation\StringValidationTest" classname="Tests.Api.Validation.StringValidationTest" assertions="1" time="0.029992"/>
        <testcase name="test_api_login_username_with_tabs" file="D:\Apps\laragon\www\E2E-JTIintern-PMPL\tests\Api\Validation\StringValidationTest.php" line="52" class="Tests\Api\Validation\StringValidationTest" classname="Tests.Api.Validation.StringValidationTest" assertions="1" time="0.030051"/>
        <testcase name="test_api_login_password_with_unicode" file="D:\Apps\laragon\www\E2E-JTIintern-PMPL\tests\Api\Validation\StringValidationTest.php" line="62" class="Tests\Api\Validation\StringValidationTest" classname="Tests.Api.Validation.StringValidationTest" assertions="1" time="0.029940"/>
        <testcase name="test_api_login_username_with_emoji" file="D:\Apps\laragon\www\E2E-JTIintern-PMPL\tests\Api\Validation\StringValidationTest.php" line="72" class="Tests\Api\Validation\StringValidationTest" classname="Tests.Api.Validation.StringValidationTest" assertions="1" time="0.049196"/>
        <testcase name="test_api_login_both_fields_empty_strings" file="D:\Apps\laragon\www\E2E-JTIintern-PMPL\tests\Api\Validation\StringValidationTest.php" line="82" class="Tests\Api\Validation\StringValidationTest" classname="Tests.Api.Validation.StringValidationTest" assertions="1" time="0.044753"/>
        <testcase name="test_api_login_username_with_sql_comment" file="D:\Apps\laragon\www\E2E-JTIintern-PMPL\tests\Api\Validation\StringValidationTest.php" line="92" class="Tests\Api\Validation\StringValidationTest" classname="Tests.Api.Validation.StringValidationTest" assertions="1" time="0.047404"/>
        <testcase name="test_api_login_username_with_html_tags" file="D:\Apps\laragon\www\E2E-JTIintern-PMPL\tests\Api\Validation\StringValidationTest.php" line="102" class="Tests\Api\Validation\StringValidationTest" classname="Tests.Api.Validation.StringValidationTest" assertions="1" time="0.056945"/>
      </testsuite>
    </testsuite>
  </testsuite>
</testsuites>
