<?xml version="1.0" encoding="UTF-8"?>
<testsuites>
  <testsuite name="Tests\Feature\Auth\RegisterTest" file="C:\laragon\www\E2E-JTIintern-PMPL\tests\Feature\Auth\RegisterTest.php" tests="4" assertions="12" errors="0" failures="0" skipped="0" time="9.173923">
    <testcase name="user_berhasil_register" file="C:\laragon\www\E2E-JTIintern-PMPL\tests\Feature\Auth\RegisterTest.php" line="14" class="Tests\Feature\Auth\RegisterTest" classname="Tests.Feature.Auth.RegisterTest" assertions="3" time="9.019310">
      <system-out>🗺️ Adding coordinate columns to m_wilayah...
✅ Coordinate columns added to m_wilayah

🏝️ Adding cities from Java Island (6 provinces)...
📍 Adding: Jakarta Pusat (DKI Jakarta)
📍 Adding: Jakarta Utara (DKI Jakarta)
📍 Adding: Jakarta Barat (DKI Jakarta)
📍 Adding: Jakarta Selatan (DKI Jakarta)
📍 Adding: Jakarta Timur (DKI Jakarta)
📍 Adding: Kepulauan Seribu (DKI Jakarta)
📍 Adding: Bandung (Jawa Barat)
📍 Adding: Bekasi (Jawa Barat)
📍 Adding: Bogor (Jawa Barat)
📍 Adding: Cirebon (Jawa Barat)
📍 Adding: Depok (Jawa Barat)
📍 Adding: Sukabumi (Jawa Barat)
📍 Adding: Tasikmalaya (Jawa Barat)
📍 Adding: Cimahi (Jawa Barat)
📍 Adding: Banjar (Jawa Barat)
📍 Adding: Bandung Barat (Jawa Barat)
📍 Adding: Bekasi (Jawa Barat)
📍 Adding: Bogor (Jawa Barat)
📍 Adding: Cianjur (Jawa Barat)
📍 Adding: Cirebon (Jawa Barat)
📍 Adding: Garut (Jawa Barat)
📍 Adding: Indramayu (Jawa Barat)
📍 Adding: Karawang (Jawa Barat)
📍 Adding: Kuningan (Jawa Barat)
📍 Adding: Majalengka (Jawa Barat)
📍 Adding: Pangandaran (Jawa Barat)
📍 Adding: Purwakarta (Jawa Barat)
📍 Adding: Subang (Jawa Barat)
📍 Adding: Sukabumi (Jawa Barat)
📍 Adding: Sumedang (Jawa Barat)
📍 Adding: Tasikmalaya (Jawa Barat)
📍 Adding: Tangerang (Banten)
📍 Adding: Tangerang Selatan (Banten)
📍 Adding: Serang (Banten)
📍 Adding: Cilegon (Banten)
📍 Adding: Tangerang (Banten)
📍 Adding: Serang (Banten)
📍 Adding: Lebak (Banten)
📍 Adding: Pandeglang (Banten)
📍 Adding: Semarang (Jawa Tengah)
📍 Adding: Surakarta (Jawa Tengah)
📍 Adding: Magelang (Jawa Tengah)
📍 Adding: Salatiga (Jawa Tengah)
📍 Adding: Pekalongan (Jawa Tengah)
📍 Adding: Tegal (Jawa Tengah)
📍 Adding: Semarang (Jawa Tengah)
📍 Adding: Klaten (Jawa Tengah)
📍 Adding: Kudus (Jawa Tengah)
📍 Adding: Jepara (Jawa Tengah)
📍 Adding: Demak (Jawa Tengah)
📍 Adding: Kendal (Jawa Tengah)
📍 Adding: Boyolali (Jawa Tengah)
📍 Adding: Karanganyar (Jawa Tengah)
📍 Adding: Wonogiri (Jawa Tengah)
📍 Adding: Sukoharjo (Jawa Tengah)
📍 Adding: Purworejo (Jawa Tengah)
📍 Adding: Kebumen (Jawa Tengah)
📍 Adding: Cilacap (Jawa Tengah)
📍 Adding: Banyumas (Jawa Tengah)
📍 Adding: Purbalingga (Jawa Tengah)
📍 Adding: Banjarnegara (Jawa Tengah)
📍 Adding: Wonosobo (Jawa Tengah)
📍 Adding: Magelang (Jawa Tengah)
📍 Adding: Temanggung (Jawa Tengah)
📍 Adding: Sragen (Jawa Tengah)
📍 Adding: Grobogan (Jawa Tengah)
📍 Adding: Blora (Jawa Tengah)
📍 Adding: Rembang (Jawa Tengah)
📍 Adding: Pati (Jawa Tengah)
📍 Adding: Brebes (Jawa Tengah)
📍 Adding: Tegal (Jawa Tengah)
📍 Adding: Pemalang (Jawa Tengah)
📍 Adding: Pekalongan (Jawa Tengah)
📍 Adding: Batang (Jawa Tengah)
📍 Adding: Yogyakarta (DI Yogyakarta)
📍 Adding: Bantul (DI Yogyakarta)
📍 Adding: Sleman (DI Yogyakarta)
📍 Adding: Kulonprogo (DI Yogyakarta)
📍 Adding: Gunungkidul (DI Yogyakarta)
📍 Adding: Surabaya (Jawa Timur)
📍 Adding: Malang (Jawa Timur)
📍 Adding: Kediri (Jawa Timur)
📍 Adding: Blitar (Jawa Timur)
📍 Adding: Madiun (Jawa Timur)
📍 Adding: Probolinggo (Jawa Timur)
📍 Adding: Pasuruan (Jawa Timur)
📍 Adding: Mojokerto (Jawa Timur)
📍 Adding: Batu (Jawa Timur)
📍 Adding: Bangkalan (Jawa Timur)
📍 Adding: Banyuwangi (Jawa Timur)
📍 Adding: Blitar (Jawa Timur)
📍 Adding: Bojonegoro (Jawa Timur)
📍 Adding: Bondowoso (Jawa Timur)
📍 Adding: Gresik (Jawa Timur)
📍 Adding: Jember (Jawa Timur)
📍 Adding: Jombang (Jawa Timur)
📍 Adding: Kediri (Jawa Timur)
📍 Adding: Lamongan (Jawa Timur)
📍 Adding: Lumajang (Jawa Timur)
📍 Adding: Madiun (Jawa Timur)
📍 Adding: Magetan (Jawa Timur)
📍 Adding: Malang (Jawa Timur)
📍 Adding: Mojokerto (Jawa Timur)
📍 Adding: Nganjuk (Jawa Timur)
📍 Adding: Ngawi (Jawa Timur)
📍 Adding: Pacitan (Jawa Timur)
📍 Adding: Pamekasan (Jawa Timur)
📍 Adding: Pasuruan (Jawa Timur)
📍 Adding: Ponorogo (Jawa Timur)
📍 Adding: Probolinggo (Jawa Timur)
📍 Adding: Sampang (Jawa Timur)
📍 Adding: Sidoarjo (Jawa Timur)
📍 Adding: Situbondo (Jawa Timur)
📍 Adding: Sumenep (Jawa Timur)
📍 Adding: Trenggalek (Jawa Timur)
📍 Adding: Tuban (Jawa Timur)
📍 Adding: Tulungagung (Jawa Timur)
✅ Successfully added 117 new cities from Java Island

📊 JAVA ISLAND CITIES SUMMARY:
=================================
Jawa Timur: 38 cities
Jawa Tengah: 35 cities
Jawa Barat: 25 cities
Banten: 8 cities
DKI Jakarta: 6 cities
DI Yogyakarta: 5 cities

Total Java cities added: 117
=================================


🔍 Mapping existing cities to Java Island coordinates...
✅ Successfully mapped 0 existing cities to Java coordinates
📊 Creating distance matrix table...
✅ Distance matrix table created
🧮 Generating distance matrix for Java Island cities...
📍 Found 117 Java cities with coordinates
📝 Inserted 100 distance records...
📝 Inserted 200 distance records...
📝 Inserted 300 distance records...
📝 Inserted 400 distance records...
📝 Inserted 500 distance records...
📝 Inserted 600 distance records...
📝 Inserted 700 distance records...
📝 Inserted 800 distance records...
📝 Inserted 900 distance records...
📝 Inserted 1000 distance records...
📝 Inserted 1100 distance records...
📝 Inserted 1200 distance records...
📝 Inserted 1300 distance records...
📝 Inserted 1400 distance records...
📝 Inserted 1500 distance records...
📝 Inserted 1600 distance records...
📝 Inserted 1700 distance records...
📝 Inserted 1800 distance records...
📝 Inserted 1900 distance records...
📝 Inserted 2000 distance records...
📝 Inserted 2100 distance records...
📝 Inserted 2200 distance records...
📝 Inserted 2300 distance records...
📝 Inserted 2400 distance records...
📝 Inserted 2500 distance records...
📝 Inserted 2600 distance records...
📝 Inserted 2700 distance records...
📝 Inserted 2800 distance records...
📝 Inserted 2900 distance records...
📝 Inserted 3000 distance records...
📝 Inserted 3100 distance records...
📝 Inserted 3200 distance records...
📝 Inserted 3300 distance records...
📝 Inserted 3400 distance records...
📝 Inserted 3500 distance records...
📝 Inserted 3600 distance records...
📝 Inserted 3700 distance records...
📝 Inserted 3800 distance records...
📝 Inserted 3900 distance records...
📝 Inserted 4000 distance records...
📝 Inserted 4100 distance records...
📝 Inserted 4200 distance records...
📝 Inserted 4300 distance records...
📝 Inserted 4400 distance records...
📝 Inserted 4500 distance records...
📝 Inserted 4600 distance records...
📝 Inserted 4700 distance records...
📝 Inserted 4800 distance records...
📝 Inserted 4900 distance records...
📝 Inserted 5000 distance records...
📝 Inserted 5100 distance records...
📝 Inserted 5200 distance records...
📝 Inserted 5300 distance records...
📝 Inserted 5400 distance records...
📝 Inserted 5500 distance records...
📝 Inserted 5600 distance records...
📝 Inserted 5700 distance records...
📝 Inserted 5800 distance records...
📝 Inserted 5900 distance records...
📝 Inserted 6000 distance records...
📝 Inserted 6100 distance records...
📝 Inserted 6200 distance records...
📝 Inserted 6300 distance records...
📝 Inserted 6400 distance records...
📝 Inserted 6500 distance records...
📝 Inserted 6600 distance records...
📝 Inserted 6700 distance records...
📝 Inserted 6800 distance records...
📝 Inserted 6900 distance records...
📝 Inserted 7000 distance records...
📝 Inserted 7100 distance records...
📝 Inserted 7200 distance records...
📝 Inserted 7300 distance records...
📝 Inserted 7400 distance records...
📝 Inserted 7500 distance records...
📝 Inserted 7600 distance records...
📝 Inserted 7700 distance records...
📝 Inserted 7800 distance records...
📝 Inserted 7900 distance records...
📝 Inserted 8000 distance records...
📝 Inserted 8100 distance records...
📝 Inserted 8200 distance records...
📝 Inserted 8300 distance records...
📝 Inserted 8400 distance records...
📝 Inserted 8500 distance records...
📝 Inserted 8600 distance records...
📝 Inserted 8700 distance records...
📝 Inserted 8800 distance records...
📝 Inserted 8900 distance records...
📝 Inserted 9000 distance records...
📝 Inserted 9100 distance records...
📝 Inserted 9200 distance records...
📝 Inserted 9300 distance records...
📝 Inserted 9400 distance records...
📝 Inserted 9500 distance records...
📝 Inserted 9600 distance records...
📝 Inserted 9700 distance records...
📝 Inserted 9800 distance records...
📝 Inserted 9900 distance records...
📝 Inserted 10000 distance records...
📝 Inserted 10100 distance records...
📝 Inserted 10200 distance records...
📝 Inserted 10300 distance records...
📝 Inserted 10400 distance records...
📝 Inserted 10500 distance records...
📝 Inserted 10600 distance records...
📝 Inserted 10700 distance records...
📝 Inserted 10800 distance records...
📝 Inserted 10900 distance records...
📝 Inserted 11000 distance records...
📝 Inserted 11100 distance records...
📝 Inserted 11200 distance records...
📝 Inserted 11300 distance records...
📝 Inserted 11400 distance records...
📝 Inserted 11500 distance records...
📝 Inserted 11600 distance records...
📝 Inserted 11700 distance records...
📝 Inserted 11800 distance records...
📝 Inserted 11900 distance records...
📝 Inserted 12000 distance records...
📝 Inserted 12100 distance records...
📝 Inserted 12200 distance records...
📝 Inserted 12300 distance records...
📝 Inserted 12400 distance records...
📝 Inserted 12500 distance records...
📝 Inserted 12600 distance records...
📝 Inserted 12700 distance records...
📝 Inserted 12800 distance records...
📝 Inserted 12900 distance records...
📝 Inserted 13000 distance records...
📝 Inserted 13100 distance records...
📝 Inserted 13200 distance records...
📝 Inserted 13300 distance records...
📝 Inserted 13400 distance records...
📝 Inserted 13500 distance records...
✅ Generated 13572 distance matrix entries for Java Island

📊 JAVA ISLAND DISTANCE MATRIX STATISTICS:
==========================================
Total distance entries: 13572
Sangat Dekat (≤30km): 290
Sedang (31-100km): 1970
Jauh (&gt;100km): 11312
Average distance: 306.37 km
Min distance: 4.45 km
Max distance: 953.66 km
==========================================

</system-out>
    </testcase>
    <testcase name="register_gagal_email_sudah_terdaftar" file="C:\laragon\www\E2E-JTIintern-PMPL\tests\Feature\Auth\RegisterTest.php" line="34" class="Tests\Feature\Auth\RegisterTest" classname="Tests.Feature.Auth.RegisterTest" assertions="3" time="0.064460"/>
    <testcase name="register_gagal_email_tidak_valid" file="C:\laragon\www\E2E-JTIintern-PMPL\tests\Feature\Auth\RegisterTest.php" line="52" class="Tests\Feature\Auth\RegisterTest" classname="Tests.Feature.Auth.RegisterTest" assertions="3" time="0.044780"/>
    <testcase name="register_gagal_password_kurang_dari_minimal" file="C:\laragon\www\E2E-JTIintern-PMPL\tests\Feature\Auth\RegisterTest.php" line="68" class="Tests\Feature\Auth\RegisterTest" classname="Tests.Feature.Auth.RegisterTest" assertions="3" time="0.045374"/>
  </testsuite>
</testsuites>
